0 silly input [ 'publish' ]
1 silly flags { _: [ 'publish' ],
1 silly flags   'reject-cycles': false,
1 silly flags   rejectCycles: false,
1 silly flags   'skip-git': true,
1 silly flags   skipGit: true }
2 verbose rootPath /Users/martinlichstam/testLerna
3 info version 2.11.0
4 silly isInitialized
5 silly isInitialized true
6 silly existsSync /Users/martinlichstam/testLerna/VERSION
7 silly initialize attempt
8 info current version 2.0.0
9 silly getUpdates
10 info Checking for updated packages...
11 silly hasTags
12 verbose hasTags true
13 silly getLastTag
14 verbose getLastTag v0.0.1
15 info Comparing with v0.0.1.
16 silly diffSinceIn v0.0.1 packages/b
17 silly diff packages/b/package.json
17 silly diff packages/b/src/AppB.js
17 silly diff packages/b/yarn.lock
18 silly diffSinceIn v0.0.1 packages/c
19 silly diff
20 silly diffSinceIn v0.0.1 packages/kurwa-jebanes
21 silly diff
22 verbose updated b
23 info Checking for prereleased packages...
24 silly collectDependents
25 silly isPackageDependentOf b b
26 silly isPackageDependentOf c b
27 silly isPackageDependentOf kurwa-jebanes b
28 verbose dependent kurwa-jebanes depends on b
29 silly collectUpdates
30 verbose has filtered update b
31 verbose has filtered update kurwa-jebanes
32 silly initialize success
33 silly execute attempt
34 silly runScriptSync preversion undefined
35 silly runScriptSync preversion b
36 silly runScriptSync version b
37 silly runScriptSync preversion kurwa-jebanes
38 silly runScriptSync version kurwa-jebanes
39 silly runScriptSync version undefined
40 info publish Publishing packages to npm...
41 silly existsSync /Users/martinlichstam/testLerna/packages/b/scripts/prepublish.js
42 verbose execScript No prepublish script found at /Users/martinlichstam/testLerna/packages/b/scripts/prepublish.js
43 silly existsSync /Users/martinlichstam/testLerna/packages/kurwa-jebanes/scripts/prepublish.js
44 verbose execScript No prepublish script found at /Users/martinlichstam/testLerna/packages/kurwa-jebanes/scripts/prepublish.js
45 verbose publishing kurwa-jebanes
46 silly publishTaggedInDir latest kurwa-jebanes
47 silly getExecOpts { cwd: '/Users/martinlichstam/testLerna/packages/kurwa-jebanes' }
48 error publish Retrying failed publish: kurwa-jebanes
49 verbose publish error undefined
50 verbose publishing kurwa-jebanes
51 silly publishTaggedInDir latest kurwa-jebanes
52 silly getExecOpts { cwd: '/Users/martinlichstam/testLerna/packages/kurwa-jebanes' }
53 error publish Retrying failed publish: kurwa-jebanes
54 verbose publish error undefined
55 verbose publishing kurwa-jebanes
56 silly publishTaggedInDir latest kurwa-jebanes
57 silly getExecOpts { cwd: '/Users/martinlichstam/testLerna/packages/kurwa-jebanes' }
58 error publish Retrying failed publish: kurwa-jebanes
59 verbose publish error undefined
60 verbose publishing kurwa-jebanes
61 silly publishTaggedInDir latest kurwa-jebanes
62 silly getExecOpts { cwd: '/Users/martinlichstam/testLerna/packages/kurwa-jebanes' }
63 error publish Retrying failed publish: kurwa-jebanes
64 verbose publish error undefined
65 verbose publishing kurwa-jebanes
66 silly publishTaggedInDir latest kurwa-jebanes
67 silly getExecOpts { cwd: '/Users/martinlichstam/testLerna/packages/kurwa-jebanes' }
68 error publish Ran out of retries while publishing kurwa-jebanes Error: Command failed: npm publish --tag latest
68 error publish npm ERR! publish Failed PUT 403
68 error publish npm ERR! code E403
68 error publish npm ERR! You do not have permission to publish "kurwa-jebanes". Are you logged in as the correct user? : kurwa-jebanes
68 error publish
68 error publish npm ERR! A complete log of this run can be found in:
68 error publish npm ERR!     /Users/martinlichstam/.npm/_logs/2018-07-08T19_21_48_458Z-debug.log
68 error publish
68 error publish     at Promise.all.then.arr (/Users/martinlichstam/.config/yarn/global/node_modules/execa/index.js:236:11)
68 error publish     at <anonymous>
68 error publish     at process._tickCallback (internal/process/next_tick.js:188:7)
69 error execute callback with error
70 error Error: Command failed: npm publish --tag latest
70 error npm ERR! publish Failed PUT 403
70 error npm ERR! code E403
70 error npm ERR! You do not have permission to publish "kurwa-jebanes". Are you logged in as the correct user? : kurwa-jebanes
70 error
70 error npm ERR! A complete log of this run can be found in:
70 error npm ERR!     /Users/martinlichstam/.npm/_logs/2018-07-08T19_21_48_458Z-debug.log
70 error
70 error     at Promise.all.then.arr (/Users/martinlichstam/.config/yarn/global/node_modules/execa/index.js:236:11)
70 error     at <anonymous>
